2026-06-03 14:00:13, MOVE, v:1, k:ed@pilhado, mode:PICK
2026-06-03 14:03:43, MOVE, v:1, k:ed@pilhado, mode:EDIT
2026-06-03 14:08:37, EXEC, v:1, k:ed@pilhado, mode:FULL, size:60, fail:COMP
2026-06-03 14:08:38, MOVE, v:1, k:ed@pilhado, mode:BACK
2026-06-03 14:08:41, MOVE, v:1, k:ed@pilhado, mode:PICK
2026-06-03 14:08:24, MOVE, v:1, k:ed@pilhado, mode:EDIT
2026-06-03 16:03:55, EXEC, v:1, k:ed@pilhado, mode:FULL, size:62, fail:COMP
2026-06-03 16:03:55, MOVE, v:1, k:ed@pilhado, mode:BACK
2026-06-03 16:05:30, MOVE, v:1, k:ed@pilhado, mode:PICK
2026-06-03 16:05:30, EXEC, v:1, k:ed@pilhado, mode:FULL, fail:COMP
2026-06-03 16:05:31, MOVE, v:1, k:ed@pilhado, mode:BACK
2026-06-03 16:10:18, MOVE, v:1, k:ed@pilhado, mode:EDIT
2026-06-03 16:13:39, MOVE, v:1, k:ed@pilhado, mode:PICK
2026-06-03 16:13:40, EXEC, v:1, k:ed@pilhado, mode:FULL, size:87, fail:COMP
2026-06-03 16:13:40, MOVE, v:1, k:ed@pilhado, mode:BACK
2026-06-03 16:13:42, MOVE, v:1, k:ed@pilhado, mode:PICK
2026-06-03 16:14:35, MOVE, v:1, k:ed@pilhado, mode:EDIT
2026-06-03 16:19:53, MOVE, v:1, k:ed@pilhado, mode:EDIT
2026-06-03 16:21:24, EXEC, v:1, k:ed@pilhado, mode:FULL, size:96, fail:COMP
2026-06-03 16:21:24, MOVE, v:1, k:ed@pilhado, mode:BACK
2026-06-03 16:21:55, MOVE, v:1, k:ed@pilhado, mode:PICK
2026-06-03 16:23:58, MOVE, v:1, k:ed@pilhado, mode:EDIT
2026-06-03 16:26:48, EXEC, v:1, k:ed@pilhado, mode:FULL, size:128, fail:COMP
2026-06-03 16:28:15, EXEC, v:1, k:ed@pilhado, mode:FULL, rate:0, size:128
2026-06-03 16:28:19, MOVE, v:1, k:ed@pilhado, mode:BACK
2026-06-03 16:28:24, MOVE, v:1, k:ed@pilhado, mode:PICK
2026-06-03 16:28:27, MOVE, v:1, k:ed@pilhado, mode:BACK
2026-06-03 16:28:35, MOVE, v:1, k:ed@pilhado, mode:PICK
2026-06-03 16:28:40, EXEC, v:1, k:ed@pilhado, mode:FULL, rate:0, size:128
2026-06-03 16:28:40, MOVE, v:1, k:ed@pilhado, mode:EDIT
2026-06-03 16:37:06, EXEC, v:1, k:ed@pilhado, mode:FULL, rate:0, size:128
2026-06-03 16:37:11, EXEC, v:1, k:ed@pilhado, mode:FULL, rate:0
2026-06-03 16:37:23, EXEC, v:1, k:ed@pilhado, mode:FULL, rate:0, size:128
2026-06-03 16:38:05, EXEC, v:1, k:ed@pilhado, mode:FULL, rate:0, size:129
2026-06-03 16:38:17, MOVE, v:1, k:ed@pilhado, mode:BACK
2026-06-03 16:38:21, MOVE, v:1, k:ed@pilhado, mode:PICK
2026-06-03 16:38:33, EXEC, v:1, k:ed@pilhado, mode:FULL, rate:0
2026-06-03 16:39:22, EXEC, v:1, k:ed@pilhado, mode:FULL, rate:0, size:144
2026-06-03 16:39:25, EXEC, v:1, k:ed@pilhado, mode:FULL, rate:0
2026-06-03 16:40:40, MOVE, v:1, k:ed@pilhado, mode:PICK
2026-06-03 16:40:45, EXEC, v:1, k:ed@pilhado, mode:FULL, rate:0, size:133
2026-06-03 16:41:14, EXEC, v:1, k:ed@pilhado, mode:FULL, rate:100, size:133
2026-06-03 16:41:17, MOVE, v:1, k:ed@pilhado, mode:BACK
2026-06-03 16:41:28, SELF, v:1, k:ed@pilhado, self:1, rate:100, concept:1, refactor:1
2026-06-03 16:41:13, MOVE, v:1, k:ed@pilhado, mode:EDIT
