2026-04-15 12:26:14, MOVE, v:1, k:ed@fractais_png, mode:PICK
2026-04-15 12:32:39, MOVE, v:1, k:ed@fractais_png, mode:PICK
2026-04-15 12:32:45, EXEC, v:1, k:ed@fractais_png, mode:LOCK, rate:0, size:178
2026-04-15 12:34:20, EXEC, v:1, k:ed@fractais_png, mode:LOCK, rate:0, size:178
2026-04-15 12:35:02, MOVE, v:1, k:ed@fractais_png, mode:BACK
2026-04-15 12:34:19, MOVE, v:1, k:ed@fractais_png, mode:EDIT
2026-04-15 12:34:20, MOVE, v:1, k:ed@fractais_png, mode:EDIT
2026-04-15 12:35:32, MOVE, v:1, k:ed@fractais_png, mode:PICK
2026-04-15 12:34:19, MOVE, v:1, k:ed@fractais_png, mode:EDIT
2026-04-15 12:34:20, MOVE, v:1, k:ed@fractais_png, mode:EDIT
2026-04-15 12:35:33, MOVE, v:1, k:ed@fractais_png, mode:BACK
2026-04-15 15:44:13, MOVE, v:1, k:ed@vetbuild, mode:DOWN
2026-04-15 15:44:15, MOVE, v:1, k:ed@vetbuild, mode:PICK
2026-04-15 15:45:12, EXEC, v:1, k:ed@vetbuild, mode:FULL, size:130, fail:COMP
2026-04-15 15:45:13, EXEC, v:1, k:ed@vetbuild, mode:FULL, fail:COMP
2026-04-15 15:44:13, MOVE, v:1, k:ed@vetbuild, mode:EDIT
2026-04-15 15:44:13, MOVE, v:1, k:ed@vetbuild, mode:EDIT
2026-04-15 15:46:55, MOVE, v:1, k:ed@vetbuild, mode:EDIT
2026-04-15 15:48:18, EXEC, v:1, k:ed@vetbuild, mode:FULL, size:133, fail:COMP
2026-04-15 15:48:35, EXEC, v:1, k:ed@vetbuild, mode:FULL, rate:0, size:133
2026-04-15 15:51:07, EXEC, v:1, k:ed@vetbuild, mode:FULL, rate:0, size:137
2026-04-15 15:53:07, MOVE, v:1, k:ed@vetbuild, mode:EDIT
2026-04-15 15:59:06, MOVE, v:1, k:ed@vetbuild, mode:PICK
2026-04-15 16:03:39, MOVE, v:1, k:ed@vetbuild, mode:PICK
2026-04-15 16:04:15, EXEC, v:1, k:ed@vetbuild, mode:FULL, size:145, fail:COMP
2026-04-15 16:04:34, EXEC, v:1, k:ed@vetbuild, mode:FULL, size:145, fail:COMP
2026-04-15 16:05:09, EXEC, v:1, k:ed@vetbuild, mode:FULL, fail:COMP
2026-04-15 16:06:20, EXEC, v:1, k:ed@vetbuild, mode:FULL, rate:0, size:145
2026-04-15 16:07:49, MOVE, v:1, k:ed@vetbuild, mode:EDIT
2026-04-15 16:11:58, EXEC, v:1, k:ed@vetbuild, mode:FULL, rate:0, size:153
2026-04-15 16:12:08, MOVE, v:1, k:ed@vetbuild, mode:EDIT
2026-04-15 16:14:26, MOVE, v:1, k:ed@vetbuild, mode:BACK
2026-04-15 16:14:56, MOVE, v:1, k:ed@vetbuild, mode:PICK
2026-04-15 16:16:45, EXEC, v:1, k:ed@vetbuild, mode:FULL, rate:0, size:161
2026-04-15 16:17:42, MOVE, v:1, k:ed@vetbuild, mode:EDIT
2026-04-15 16:19:03, EXEC, v:1, k:ed@vetbuild, mode:FULL, rate:0, size:172
2026-04-15 16:19:41, EXEC, v:1, k:ed@vetbuild, mode:FULL, rate:18, size:172
2026-04-15 16:21:33, EXEC, v:1, k:ed@vetbuild, mode:FULL, rate:18, size:179
2026-04-15 16:21:54, EXEC, v:1, k:ed@vetbuild, mode:FULL, rate:9, size:179
2026-04-15 16:21:56, EXEC, v:1, k:ed@vetbuild, mode:FULL, rate:9
2026-04-15 16:22:19, EXEC, v:1, k:ed@vetbuild, mode:FULL, rate:9, size:179
2026-04-15 16:22:35, EXEC, v:1, k:ed@vetbuild, mode:FULL, rate:9, size:179
2026-04-15 16:22:57, MOVE, v:1, k:ed@vetbuild, mode:EDIT
2026-04-15 16:23:32, EXEC, v:1, k:ed@vetbuild, mode:FULL, rate:9, size:183
2026-04-15 16:24:18, EXEC, v:1, k:ed@vetbuild, mode:FULL, rate:9, size:189
2026-04-15 16:25:34, EXEC, v:1, k:ed@vetbuild, mode:FULL, rate:9, size:191
2026-04-15 16:27:06, EXEC, v:1, k:ed@vetbuild, mode:FULL, rate:18, size:210
2026-04-15 16:27:27, MOVE, v:1, k:ed@vetbuild, mode:EDIT
2026-04-15 16:28:09, EXEC, v:1, k:ed@vetbuild, mode:FULL, rate:18, size:223
2026-04-15 16:28:15, EXEC, v:1, k:ed@vetbuild, mode:FULL, rate:18
2026-04-15 16:28:20, EXEC, v:1, k:ed@vetbuild, mode:FULL, rate:18, size:229
2026-04-15 16:28:36, EXEC, v:1, k:ed@vetbuild, mode:FULL, rate:18
2026-04-15 16:29:16, EXEC, v:1, k:ed@vetbuild, mode:FULL, size:229, fail:COMP
2026-04-15 16:29:17, EXEC, v:1, k:ed@vetbuild, mode:FULL, fail:COMP
2026-04-15 16:29:49, EXEC, v:1, k:ed@vetbuild, mode:FULL, rate:36, size:242
2026-04-15 16:30:24, EXEC, v:1, k:ed@vetbuild, mode:FULL, rate:45, size:242
2026-04-15 16:30:37, MOVE, v:1, k:ed@vetbuild, mode:BACK
2026-04-15 16:30:40, MOVE, v:1, k:ed@vetbuild, mode:PICK
2026-04-15 16:30:48, EXEC, v:1, k:ed@vetbuild, mode:FULL, rate:45, size:249
2026-04-15 16:31:12, EXEC, v:1, k:ed@vetbuild, mode:FULL, rate:45, size:249
2026-04-15 16:31:28, EXEC, v:1, k:ed@vetbuild, mode:FULL, rate:54, size:249
2026-04-15 16:32:00, EXEC, v:1, k:ed@vetbuild, mode:FULL, rate:63, size:249
2026-04-15 16:32:13, EXEC, v:1, k:ed@vetbuild, mode:FULL, rate:63, size:249
2026-04-15 16:32:33, EXEC, v:1, k:ed@vetbuild, mode:FULL, rate:72, size:249
2026-04-15 16:32:31, MOVE, v:1, k:ed@vetbuild, mode:EDIT
2026-04-15 16:33:40, EXEC, v:1, k:ed@vetbuild, mode:FULL, rate:90, size:254
2026-04-15 16:34:24, EXEC, v:1, k:ed@vetbuild, mode:FULL, rate:90, size:254
2026-04-15 16:35:23, EXEC, v:1, k:ed@vetbuild, mode:FULL, rate:100, size:262
2026-04-15 16:35:25, MOVE, v:1, k:ed@vetbuild, mode:BACK
