2026-04-01 10:36:21, MOVE, v:1, k:ed@triangulo, mode:DOWN
2026-04-01 10:36:22, MOVE, v:1, k:ed@treinando, mode:DOWN
2026-04-01 10:36:23, MOVE, v:1, k:ed@resto, mode:DOWN
2026-04-01 10:36:25, MOVE, v:1, k:ed@mdc, mode:DOWN
2026-04-01 10:36:25, MOVE, v:1, k:ed@queimada, mode:DOWN
2026-04-01 10:36:27, MOVE, v:1, k:ed@labirinto, mode:DOWN
2026-04-01 10:36:29, MOVE, v:1, k:ed@vetequals, mode:DOWN
2026-04-01 10:36:29, MOVE, v:1, k:ed@eh_primo, mode:DOWN
2026-04-01 10:36:42, MOVE, v:1, k:ed@triangulo, mode:PICK
2026-04-01 10:39:10, EXEC, v:1, k:ed@triangulo, mode:FULL, rate:0, size:47
2026-04-01 10:44:47, EXEC, v:1, k:ed@triangulo, mode:FULL, rate:0, size:54
2026-04-01 10:45:07, EXEC, v:1, k:ed@triangulo, mode:FULL, rate:0, size:54
2026-04-01 10:46:26, EXEC, v:1, k:ed@triangulo, mode:FULL, rate:0, size:54
2026-04-01 10:46:41, EXEC, v:1, k:ed@triangulo, mode:FULL, rate:0, size:54
2026-04-01 10:47:39, EXEC, v:1, k:ed@triangulo, mode:FULL, rate:0, size:54
2026-04-01 10:48:50, EXEC, v:1, k:ed@triangulo, mode:FULL, rate:100, size:54
2026-04-01 10:49:38, MOVE, v:1, k:ed@triangulo, mode:BACK
2026-04-01 10:49:59, MOVE, v:1, k:ed@triangulo, mode:PICK
2026-04-01 10:50:01, EXEC, v:1, k:ed@triangulo, mode:FULL, rate:100
2026-04-01 10:50:03, MOVE, v:1, k:ed@triangulo, mode:BACK
2026-04-01 10:50:06, MOVE, v:1, k:ed@triangulo, mode:PICK
2026-04-01 10:50:06, MOVE, v:1, k:ed@triangulo, mode:BACK
2026-04-01 10:50:23, MOVE, v:1, k:ed@treinando, mode:PICK
2026-04-01 10:53:38, MOVE, v:1, k:ed@treinando, mode:BACK
2026-04-01 10:53:50, MOVE, v:1, k:ed@treinando, mode:DOWN
2026-04-01 10:53:53, MOVE, v:1, k:ed@treinando, mode:DOWN
2026-04-01 10:53:54, MOVE, v:1, k:ed@treinando, mode:DOWN
2026-04-01 10:53:55, MOVE, v:1, k:ed@treinando, mode:DOWN
2026-04-01 10:53:56, MOVE, v:1, k:ed@treinando, mode:DOWN
2026-04-01 11:02:06, MOVE, v:1, k:ed@treinando, mode:PICK
2026-04-01 11:11:31, MOVE, v:1, k:ed@treinando, mode:BACK
2026-04-01 11:18:12, MOVE, v:1, k:ed@queimada, mode:PICK
2026-04-01 11:24:00, EXEC, v:1, k:ed@queimada, mode:FULL, size:51, fail:COMP
2026-04-01 11:24:10, EXEC, v:1, k:ed@queimada, mode:FULL, size:51, fail:COMP
2026-04-01 11:25:15, EXEC, v:1, k:ed@queimada, mode:FULL, rate:100, size:51
2026-04-01 11:26:06, MOVE, v:1, k:ed@queimada, mode:BACK
2026-04-01 11:26:17, MOVE, v:1, k:ed@queimada, mode:PICK
2026-04-01 11:27:12, MOVE, v:1, k:ed@queimada, mode:BACK
2026-04-01 11:29:10, MOVE, v:1, k:ed@queimada, mode:PICK
2026-04-01 11:30:03, EXEC, v:1, k:ed@queimada, mode:FULL, rate:14, size:59
2026-04-01 11:30:11, EXEC, v:1, k:ed@queimada, mode:FULL, rate:100, size:52
2026-04-01 11:30:11, MOVE, v:1, k:ed@queimada, mode:BACK
2026-04-01 11:30:27, MOVE, v:1, k:sandbox@user_001, mode:PICK
2026-04-01 22:16:18, MOVE, v:1, k:sandbox@user_001, mode:BACK
