2026-05-11 10:08:50, MOVE, v:1, k:ed@prin_list1, mode:PICK
2026-05-11 10:11:33, MOVE, v:1, k:ed@prin_list1, mode:EDIT
2026-05-11 10:11:55, EXEC, v:1, k:ed@prin_list1, mode:FULL, size:176, fail:COMP
2026-05-11 10:12:05, EXEC, v:1, k:ed@prin_list1, mode:LOCK, rate:0, size:176
2026-05-11 10:14:16, EXEC, v:1, k:ed@prin_list1, mode:FULL, size:183, fail:COMP
2026-05-11 10:15:22, EXEC, v:1, k:ed@prin_list1, mode:FULL, size:183, fail:COMP
2026-05-11 10:15:55, EXEC, v:1, k:ed@prin_list1, mode:LOCK, rate:0, size:183
2026-05-11 10:15:46, MOVE, v:1, k:ed@prin_list1, mode:EDIT
2026-05-11 10:17:32, EXEC, v:1, k:ed@prin_list1, mode:LOCK, rate:0, size:182
2026-05-11 10:17:33, MOVE, v:1, k:ed@prin_list1, mode:BACK
2026-05-11 10:17:51, MOVE, v:1, k:ed@editor, mode:PICK
2026-05-11 10:18:08, EXEC, v:1, k:ed@editor, mode:FULL, rate:0
2026-05-11 10:17:31, MOVE, v:1, k:ed@prin_list1, mode:EDIT
2026-05-11 10:21:32, MOVE, v:1, k:ed@editor, mode:EDIT
2026-05-11 10:25:32, EXEC, v:1, k:ed@editor, mode:FULL, size:89, fail:COMP
2026-05-11 10:25:59, EXEC, v:1, k:ed@editor, mode:FULL, size:89, fail:COMP
2026-05-11 10:26:15, EXEC, v:1, k:ed@editor, mode:FULL, size:89, fail:COMP
2026-05-11 10:26:12, MOVE, v:1, k:ed@editor, mode:EDIT
2026-05-11 10:29:41, EXEC, v:1, k:ed@editor, mode:FULL, size:104, fail:COMP
2026-05-11 10:30:52, EXEC, v:1, k:ed@editor, mode:FULL, rate:66, size:105
2026-05-11 10:31:15, MOVE, v:1, k:ed@editor, mode:EDIT
2026-05-11 10:33:35, EXEC, v:1, k:ed@editor, mode:FULL, rate:83, size:117
2026-05-11 10:33:43, MOVE, v:1, k:ed@editor, mode:BACK
2026-05-11 10:34:47, MOVE, v:1, k:ed@editor, mode:PICK
2026-05-11 10:36:08, EXEC, v:1, k:ed@editor, mode:FULL, rate:83, size:127
2026-05-11 10:36:15, EXEC, v:1, k:ed@editor, mode:FULL, rate:100, size:127
2026-05-11 10:36:16, MOVE, v:1, k:ed@editor, mode:BACK
2026-05-11 10:36:14, MOVE, v:1, k:ed@editor, mode:EDIT
