2026-04-22 13:34:26, MOVE, v:1, k:ed@bettersearch, mode:PICK
2026-04-22 13:34:27, EXEC, v:1, k:ed@bettersearch, mode:FULL, rate:100
2026-04-22 13:34:28, MOVE, v:1, k:ed@bettersearch, mode:BACK
2026-04-22 13:34:32, MOVE, v:1, k:ed@multiset, mode:PICK
2026-04-22 13:37:28, MOVE, v:1, k:ed@multiset, mode:BACK
2026-04-22 13:39:22, MOVE, v:1, k:ed@multiset, mode:PICK
2026-04-22 13:39:26, EXEC, v:1, k:ed@multiset, mode:FULL, rate:0, size:86
2026-04-22 13:40:09, EXEC, v:1, k:ed@multiset, mode:FULL, rate:0, size:95
2026-04-22 13:40:48, EXEC, v:1, k:ed@multiset, mode:FULL, rate:0
2026-04-22 13:44:18, MOVE, v:1, k:ed@multiset, mode:EDIT
2026-04-22 13:45:03, MOVE, v:1, k:ed@multiset, mode:BACK
2026-04-22 13:45:10, MOVE, v:1, k:ed@multiset, mode:PICK
2026-04-22 13:45:27, EXEC, v:1, k:ed@multiset, mode:FULL, size:111, fail:COMP
2026-04-22 13:47:05, EXEC, v:1, k:ed@multiset, mode:FULL, rate:0, size:125
2026-04-22 13:47:35, MOVE, v:1, k:ed@multiset, mode:EDIT
2026-04-22 13:52:44, EXEC, v:1, k:ed@multiset, mode:FULL, rate:0, size:127
2026-04-22 13:52:46, EXEC, v:1, k:ed@multiset, mode:FULL, rate:0
2026-04-22 13:53:43, EXEC, v:1, k:ed@multiset, mode:FULL, rate:0, size:127
2026-04-22 13:54:18, EXEC, v:1, k:ed@multiset, mode:FULL, rate:16, size:128
2026-04-22 13:54:17, MOVE, v:1, k:ed@multiset, mode:EDIT
2026-04-22 13:55:52, EXEC, v:1, k:ed@multiset, mode:FULL, rate:16, size:133
2026-04-22 13:56:18, EXEC, v:1, k:ed@multiset, mode:FULL, rate:16, size:134
2026-04-22 13:56:46, EXEC, v:1, k:ed@multiset, mode:FULL, rate:33, size:134
2026-04-22 13:57:54, EXEC, v:1, k:ed@multiset, mode:FULL, rate:50, size:152
2026-04-22 13:58:40, EXEC, v:1, k:ed@multiset, mode:FULL, rate:66, size:172
2026-04-22 13:58:42, MOVE, v:1, k:ed@multiset, mode:BACK
2026-04-22 13:59:10, MOVE, v:1, k:ed@bettersearch, mode:PICK
2026-04-22 13:59:11, EXEC, v:1, k:ed@bettersearch, mode:FULL, rate:100
2026-04-22 13:59:12, MOVE, v:1, k:ed@bettersearch, mode:BACK
2026-04-22 13:59:29, MOVE, v:1, k:ed@multiset, mode:PICK
2026-04-22 13:59:31, EXEC, v:1, k:ed@multiset, mode:FULL, rate:66
2026-04-22 14:00:08, EXEC, v:1, k:ed@multiset, mode:FULL, rate:83, size:188
2026-04-22 14:00:31, EXEC, v:1, k:ed@multiset, mode:FULL, rate:100, size:191
2026-04-22 14:00:34, MOVE, v:1, k:ed@multiset, mode:BACK
