2026-05-23 12:50:27, MOVE, v:1, k:ed@enesimo, mode:DOWN
2026-05-23 12:50:38, MOVE, v:1, k:ed@enesimo, mode:PICK
2026-05-23 12:50:27, MOVE, v:1, k:ed@enesimo, mode:EDIT
2026-05-23 12:50:27, MOVE, v:1, k:ed@enesimo, mode:EDIT
2026-05-23 12:54:20, MOVE, v:1, k:ed@enesimo, mode:EDIT
2026-05-23 12:56:08, MOVE, v:1, k:ed@enesimo, mode:EDIT
2026-05-23 13:02:35, EXEC, v:1, k:ed@enesimo, mode:FULL, rate:0, size:42
2026-05-23 13:03:34, EXEC, v:1, k:ed@enesimo, mode:FULL, rate:0, size:45
2026-05-23 13:03:43, MOVE, v:1, k:ed@enesimo, mode:EDIT
2026-05-23 13:04:52, EXEC, v:1, k:ed@enesimo, mode:FULL, rate:100, size:45
2026-05-23 13:04:54, MOVE, v:1, k:ed@enesimo, mode:BACK
2026-05-23 13:05:00, SELF, v:1, k:ed@enesimo, self:1, rate:100
2026-05-23 13:07:17, MOVE, v:1, k:ed@priminhos, mode:DOWN
2026-05-23 13:07:36, MOVE, v:1, k:ed@priminhos, mode:PICK
2026-05-23 13:04:51, MOVE, v:1, k:ed@enesimo, mode:EDIT
2026-05-23 13:07:17, MOVE, v:1, k:ed@priminhos, mode:EDIT
2026-05-23 13:07:17, MOVE, v:1, k:ed@priminhos, mode:EDIT
2026-05-23 13:07:17, MOVE, v:1, k:ed@priminhos, mode:EDIT
2026-05-23 13:13:20, MOVE, v:1, k:ed@priminhos, mode:EDIT
2026-05-23 13:20:04, EXEC, v:1, k:ed@priminhos, mode:FULL, rate:0, size:38
2026-05-23 13:23:59, EXEC, v:1, k:ed@priminhos, mode:FULL, rate:100, size:58
2026-05-23 13:24:01, MOVE, v:1, k:ed@priminhos, mode:BACK
2026-05-23 13:24:09, SELF, v:1, k:ed@priminhos, self:1, rate:100
2026-05-23 13:23:58, MOVE, v:1, k:ed@priminhos, mode:EDIT
2026-05-23 13:30:50, MOVE, v:1, k:ed@escada, mode:DOWN
2026-05-23 13:31:14, MOVE, v:1, k:ed@priminhos, mode:PICK
2026-05-23 13:31:15, EXEC, v:1, k:ed@priminhos, mode:FULL, rate:100
2026-05-23 13:31:16, MOVE, v:1, k:ed@priminhos, mode:BACK
2026-05-23 13:31:27, MOVE, v:1, k:ed@escada, mode:PICK
2026-05-23 13:30:50, MOVE, v:1, k:ed@escada, mode:EDIT
2026-05-23 13:30:50, MOVE, v:1, k:ed@escada, mode:EDIT
2026-05-23 13:35:45, MOVE, v:1, k:ed@escada, mode:EDIT
2026-05-23 13:37:23, EXEC, v:1, k:ed@escada, mode:FULL, size:19, fail:COMP
2026-05-23 13:37:34, EXEC, v:1, k:ed@escada, mode:FULL, rate:100, size:20
2026-05-23 13:37:35, MOVE, v:1, k:ed@escada, mode:BACK
2026-05-23 13:37:41, SELF, v:1, k:ed@escada, self:1, rate:100
2026-05-23 13:37:33, MOVE, v:1, k:ed@escada, mode:EDIT
2026-05-23 13:43:05, MOVE, v:1, k:ed@fractais_png, mode:PICK
2026-05-23 13:43:10, EXEC, v:1, k:ed@fractais_png, mode:LOCK, rate:0
2026-05-23 13:43:10, MOVE, v:1, k:ed@fractais_png, mode:BACK
2026-05-23 13:43:23, MOVE, v:1, k:ed@binomiais, mode:DOWN
