2026-03-24 10:22:54, MOVE, v:1, k:ed@princesa, mode:DOWN
2026-03-24 10:22:56, MOVE, v:1, k:ed@princesa, mode:PICK
2026-03-24 10:22:58, EXEC, v:1, k:ed@princesa, mode:FREE, size:5
2026-03-24 10:23:14, MOVE, v:1, k:ed@princesa, mode:BACK
2026-03-24 10:23:15, MOVE, v:1, k:ed@princesa, mode:PICK
2026-03-24 10:23:27, MOVE, v:1, k:ed@princesa, mode:BACK
2026-03-24 10:23:28, MOVE, v:1, k:ed@princesa, mode:PICK
2026-03-24 10:23:34, EXEC, v:1, k:ed@princesa, mode:FREE
2026-03-24 10:27:10, MOVE, v:1, k:ed@princesa, mode:BACK
2026-03-24 10:56:07, MOVE, v:1, k:ed@princesa, mode:PICK
2026-03-24 10:59:54, EXEC, v:1, k:ed@princesa, mode:FULL, size:35, fail:COMP
2026-03-24 11:00:07, EXEC, v:1, k:ed@princesa, mode:FULL, size:35, fail:COMP
2026-03-24 11:00:21, EXEC, v:1, k:ed@princesa, mode:FULL, rate:0, size:35
2026-03-24 11:00:24, EXEC, v:1, k:ed@princesa, mode:FULL, rate:0
2026-03-24 11:00:24, EXEC, v:1, k:ed@princesa, mode:FREE
2026-03-24 11:00:36, EXEC, v:1, k:ed@princesa, mode:FULL, rate:0
2026-03-24 11:01:25, EXEC, v:1, k:ed@princesa, mode:FULL, rate:100, size:35
2026-03-24 11:01:31, MOVE, v:1, k:ed@princesa, mode:BACK
2026-03-24 11:07:28, MOVE, v:1, k:ed@apagando, mode:DOWN
2026-03-24 11:17:53, MOVE, v:1, k:ed@apagando, mode:PICK
2026-03-24 11:19:30, MOVE, v:1, k:ed@apagando, mode:BACK
2026-03-24 11:19:37, MOVE, v:1, k:ed@apagando, mode:PICK
2026-03-24 11:25:38, EXEC, v:1, k:ed@apagando, mode:FULL, rate:0, size:33
2026-03-24 11:25:48, EXEC, v:1, k:ed@apagando, mode:FULL, rate:0, size:33
2026-03-24 11:26:01, EXEC, v:1, k:ed@apagando, mode:FULL, rate:0, size:33
2026-03-24 11:26:32, EXEC, v:1, k:ed@apagando, mode:FULL, size:33, fail:COMP
2026-03-24 11:26:55, EXEC, v:1, k:ed@apagando, mode:FULL, rate:100, size:35
2026-03-24 11:26:58, MOVE, v:1, k:ed@apagando, mode:BACK
