2026-06-04 22:59:58, MOVE, v:1, k:ed@balanceada, mode:DOWN
2026-06-04 23:00:00, MOVE, v:1, k:ed@balanceada, mode:PICK
2026-06-04 22:59:58, MOVE, v:1, k:ed@balanceada, mode:EDIT
2026-06-04 22:59:58, MOVE, v:1, k:ed@balanceada, mode:EDIT
2026-06-04 23:04:48, MOVE, v:1, k:ed@balanceada, mode:EDIT
2026-06-04 23:08:45, MOVE, v:1, k:ed@balanceada, mode:EDIT
2026-06-04 23:10:18, EXEC, v:1, k:ed@balanceada, mode:FULL, size:32, fail:COMP
2026-06-04 23:10:18, MOVE, v:1, k:ed@balanceada, mode:BACK
2026-06-04 23:10:24, MOVE, v:1, k:ed@balanceada, mode:PICK
2026-06-04 23:10:27, MOVE, v:1, k:ed@balanceada, mode:BACK
2026-06-04 23:13:39, MOVE, v:1, k:ed@balanceada, mode:PICK
2026-06-04 23:25:18, EXEC, v:1, k:ed@balanceada, mode:FULL, rate:50, size:40
2026-06-04 23:25:22, MOVE, v:1, k:ed@balanceada, mode:BACK
2026-06-04 23:25:26, MOVE, v:1, k:ed@balanceada, mode:PICK
2026-06-04 23:25:17, MOVE, v:1, k:ed@balanceada, mode:EDIT
2026-06-04 23:46:50, EXEC, v:1, k:ed@balanceada, mode:FULL, rate:50
2026-06-04 23:46:53, EXEC, v:1, k:ed@balanceada, mode:FULL, rate:50, size:40
2026-06-04 23:47:01, EXEC, v:1, k:ed@balanceada, mode:FULL, rate:50, size:40
2026-06-04 23:47:05, EXEC, v:1, k:ed@balanceada, mode:FULL, rate:100
2026-06-04 23:47:08, MOVE, v:1, k:ed@balanceada, mode:BACK
2026-06-04 23:47:29, SELF, v:1, k:ed@balanceada, self:1, rate:100, concept:1, refactor:1
