2026-05-26 10:25:09, MOVE, v:1, k:ed@bufferring, mode:DOWN
2026-05-26 10:25:10, MOVE, v:1, k:ed@bufferring, mode:PICK
2026-05-26 10:25:09, MOVE, v:1, k:ed@bufferring, mode:EDIT
2026-05-26 10:25:09, MOVE, v:1, k:ed@bufferring, mode:EDIT
2026-05-26 10:25:09, MOVE, v:1, k:ed@bufferring, mode:EDIT
2026-05-26 10:25:09, MOVE, v:1, k:ed@bufferring, mode:EDIT
2026-05-26 10:35:35, EXEC, v:1, k:ed@bufferring, mode:FULL, rate:0, size:110
2026-05-26 10:35:38, MOVE, v:1, k:ed@bufferring, mode:BACK
2026-05-26 10:35:43, MOVE, v:1, k:ed@bufferring, mode:PICK
2026-05-26 10:41:32, MOVE, v:1, k:ed@bufferring, mode:EDIT
2026-05-26 10:43:18, MOVE, v:1, k:ed@bufferring, mode:EDIT
2026-05-26 10:49:01, MOVE, v:1, k:ed@bufferring, mode:BACK
2026-05-26 10:49:04, MOVE, v:1, k:ed@queimando, mode:DOWN
2026-05-26 10:49:05, MOVE, v:1, k:ed@queimando, mode:PICK
2026-05-26 10:49:48, EXEC, v:1, k:ed@queimando, mode:FULL, size:77, fail:COMP
2026-05-26 10:50:58, EXEC, v:1, k:ed@queimando, mode:FULL, fail:COMP
2026-05-26 10:49:04, MOVE, v:1, k:ed@queimando, mode:EDIT
2026-05-26 10:49:04, MOVE, v:1, k:ed@queimando, mode:EDIT
2026-05-26 10:49:04, MOVE, v:1, k:ed@queimando, mode:EDIT
2026-05-26 10:49:04, MOVE, v:1, k:ed@queimando, mode:EDIT
2026-05-26 10:58:36, MOVE, v:1, k:ed@queimando, mode:BACK
2026-05-26 10:58:48, MOVE, v:1, k:ed@queimando, mode:PICK
2026-05-26 11:08:49, MOVE, v:1, k:ed@queimando, mode:BACK
