2026-05-05 10:24:27, MOVE, v:1, k:ed@editor, mode:DOWN
2026-05-05 10:24:28, MOVE, v:1, k:ed@editor, mode:PICK
2026-05-05 10:25:42, MOVE, v:1, k:ed@editor, mode:BACK
2026-05-05 10:26:01, SELF, v:1, k:ed@vetbuild, self:1, rate:100, concept:1
2026-05-05 10:26:07, MOVE, v:1, k:ed@editor, mode:PICK
2026-05-05 10:26:19, MOVE, v:1, k:ed@editor, mode:BACK
2026-05-05 10:28:34, MOVE, v:1, k:ed@editor, mode:PICK
2026-05-05 10:29:41, EXEC, v:1, k:ed@editor, mode:FULL, rate:0, size:5
2026-05-05 10:29:52, MOVE, v:1, k:ed@editor, mode:BACK
2026-05-05 10:29:58, MOVE, v:1, k:ed@editorint, mode:DOWN
2026-05-05 10:29:59, MOVE, v:1, k:ed@editorint, mode:PICK
2026-05-05 10:32:06, EXEC, v:1, k:ed@editorint, mode:FREE
2026-05-05 10:29:58, MOVE, v:1, k:ed@editorint, mode:EDIT
2026-05-05 10:29:58, MOVE, v:1, k:ed@editorint, mode:EDIT
2026-05-05 10:31:56, MOVE, v:1, k:ed@editorint, mode:EDIT
2026-05-05 10:29:58, MOVE, v:1, k:ed@editorint, mode:EDIT
2026-05-05 10:29:58, MOVE, v:1, k:ed@editorint, mode:EDIT
2026-05-05 10:31:56, MOVE, v:1, k:ed@editorint, mode:EDIT
2026-05-05 11:00:57, MOVE, v:1, k:ed@editorint, mode:PICK
2026-05-05 11:02:48, MOVE, v:1, k:ed@editorint, mode:BACK
2026-05-05 11:03:10, MOVE, v:1, k:ed@editorint, mode:PICK
2026-05-05 11:05:17, MOVE, v:1, k:ed@editorint, mode:PICK
2026-05-05 11:05:28, MOVE, v:1, k:ed@editorint, mode:BACK
2026-05-05 11:07:13, MOVE, v:1, k:ed@editorint, mode:PICK
2026-05-05 11:07:37, MOVE, v:1, k:ed@editorint, mode:PICK
2026-05-05 11:07:38, EXEC, v:1, k:ed@editorint, mode:FULL, size:260, fail:COMP
2026-05-05 11:11:23, MOVE, v:1, k:ed@editorint, mode:EDIT
2026-05-05 11:22:30, MOVE, v:1, k:ed@editorint, mode:EDIT
2026-05-05 11:25:26, MOVE, v:1, k:ed@editorint, mode:BACK
2026-05-05 21:49:11, MOVE, v:1, k:ed@editorint, mode:PICK
2026-05-05 21:52:40, MOVE, v:1, k:ed@editorint, mode:EDIT
2026-05-05 21:58:28, MOVE, v:1, k:ed@editorint, mode:EDIT
2026-05-05 22:00:44, MOVE, v:1, k:ed@editorint, mode:EDIT
2026-05-05 22:22:37, MOVE, v:1, k:ed@editorint, mode:EDIT
2026-05-05 22:27:51, EXEC, v:1, k:ed@editorint, mode:FULL, size:281, fail:COMP
2026-05-05 22:28:21, EXEC, v:1, k:ed@editorint, mode:LOCK, rate:100, size:281
2026-05-05 22:28:23, MOVE, v:1, k:ed@editorint, mode:BACK
2026-05-05 22:28:35, MOVE, v:1, k:ed@editorint, mode:PICK
2026-05-05 22:28:59, EXEC, v:1, k:ed@editorint, mode:LOCK, rate:0, size:284
2026-05-05 22:29:03, EXEC, v:1, k:ed@editorint, mode:LOCK, rate:0
2026-05-05 22:29:07, EXEC, v:1, k:ed@editorint, mode:LOCK, rate:0
2026-05-05 22:29:07, MOVE, v:1, k:ed@editorint, mode:BACK
2026-05-05 22:34:52, MOVE, v:1, k:ed@editorint, mode:PICK
2026-05-05 22:37:56, MOVE, v:1, k:ed@editorint, mode:BACK
2026-05-05 22:37:59, MOVE, v:1, k:ed@editorint, mode:PICK
2026-05-05 22:38:14, MOVE, v:1, k:ed@editorint, mode:BACK
2026-05-05 22:38:25, MOVE, v:1, k:sandbox@user_001, mode:PICK
2026-05-05 22:38:36, MOVE, v:1, k:sandbox@user_001, mode:BACK
