2026-06-09 12:11:20, EXEC, v:1, k:ed@arvore-path, mode:FULL, size:83, fail:COMP
2026-06-09 12:11:20, MOVE, v:1, k:ed@arvore-path, mode:BACK
2026-06-09 12:11:27, MOVE, v:1, k:ed@arvore-path, mode:PICK
2026-06-09 12:12:53, EXEC, v:1, k:ed@arvore-path, mode:FULL, size:86, fail:COMP
2026-06-09 12:13:30, EXEC, v:1, k:ed@arvore-path, mode:FULL, rate:25, size:89
2026-06-09 12:13:32, MOVE, v:1, k:ed@arvore-path, mode:BACK
2026-06-09 12:13:38, MOVE, v:1, k:ed@arvore-path, mode:PICK
2026-06-09 12:13:29, MOVE, v:1, k:ed@arvore-path, mode:EDIT
2026-06-09 12:18:02, EXEC, v:1, k:ed@arvore-path, mode:FULL, rate:25
2026-06-09 12:18:02, MOVE, v:1, k:ed@arvore-path, mode:BACK
2026-06-09 12:18:05, MOVE, v:1, k:ed@arvore-path, mode:PICK
2026-06-09 12:22:01, EXEC, v:1, k:ed@arvore-path, mode:FULL, rate:25, size:94
2026-06-09 12:22:13, EXEC, v:1, k:ed@arvore-path, mode:FULL, rate:25, size:94
2026-06-09 12:22:25, EXEC, v:1, k:ed@arvore-path, mode:FULL, size:94, fail:COMP
2026-06-09 12:22:27, EXEC, v:1, k:ed@arvore-path, mode:FULL, rate:25, size:94
2026-06-09 12:22:29, EXEC, v:1, k:ed@arvore-path, mode:FULL, rate:25
2026-06-09 12:22:38, MOVE, v:1, k:ed@arvore-path, mode:BACK
2026-06-09 12:22:45, MOVE, v:1, k:ed@arvore-path, mode:PICK
2026-06-09 12:22:38, MOVE, v:1, k:ed@arvore-path, mode:EDIT
2026-06-09 12:48:53, EXEC, v:1, k:ed@arvore-path, mode:FULL, rate:87, size:94
2026-06-09 13:06:41, EXEC, v:1, k:ed@arvore-path, mode:FULL, rate:0, size:102
2026-06-09 13:07:35, EXEC, v:1, k:ed@arvore-path, mode:FULL, rate:50, size:95
2026-06-09 13:07:59, EXEC, v:1, k:ed@arvore-path, mode:FULL, rate:87, size:95
2026-06-09 13:08:29, EXEC, v:1, k:ed@arvore-path, mode:FULL, size:96, fail:COMP
2026-06-09 13:08:31, EXEC, v:1, k:ed@arvore-path, mode:FULL, rate:100, size:96
2026-06-09 13:08:32, MOVE, v:1, k:ed@arvore-path, mode:BACK
2026-06-09 13:08:49, SELF, v:1, k:ed@arvore-path, self:1, rate:100, study:40, concept:1, refactor:1
2026-06-09 13:08:29, MOVE, v:1, k:ed@arvore-path, mode:EDIT
2026-06-09 13:21:30, MOVE, v:1, k:ed@bst_insert, mode:PICK
2026-06-09 13:29:30, MOVE, v:1, k:ed@bst_insert, mode:EDIT
2026-06-09 13:30:12, EXEC, v:1, k:ed@bst_insert, mode:FULL, rate:16, size:79
2026-06-09 13:30:58, MOVE, v:1, k:ed@bst_insert, mode:BACK
2026-06-09 13:30:59, MOVE, v:1, k:ed@bst_insert, mode:PICK
2026-06-09 13:30:56, MOVE, v:1, k:ed@bst_insert, mode:EDIT
2026-06-09 13:46:35, EXEC, v:1, k:ed@bst_insert, mode:FULL, rate:100, size:81
2026-06-09 13:46:36, MOVE, v:1, k:ed@bst_insert, mode:BACK
2026-06-09 13:46:44, SELF, v:1, k:ed@bst_insert, self:1, rate:100, concept:1, refactor:1
2026-06-09 13:47:11, MOVE, v:1, k:ed@bst_serial, mode:PICK
2026-06-09 14:13:42, EXEC, v:1, k:ed@bst_serial, mode:FULL, rate:0, size:74
2026-06-09 14:14:23, MOVE, v:1, k:ed@bst_serial, mode:EDIT
2026-06-09 14:15:03, EXEC, v:1, k:ed@bst_serial, mode:FULL, size:78, fail:COMP
2026-06-09 14:15:05, EXEC, v:1, k:ed@bst_serial, mode:FULL, fail:COMP
2026-06-09 14:15:30, EXEC, v:1, k:ed@bst_serial, mode:FULL, rate:0, size:92
2026-06-09 14:15:31, MOVE, v:1, k:ed@bst_serial, mode:BACK
2026-06-09 14:17:14, MOVE, v:1, k:ed@bst_serial, mode:PICK
2026-06-09 14:17:15, EXEC, v:1, k:ed@bst_serial, mode:FULL, rate:0
2026-06-09 14:17:15, EXEC, v:1, k:ed@bst_serial, mode:FULL, rate:0
2026-06-09 14:17:16, EXEC, v:1, k:ed@bst_serial, mode:FULL, rate:0
2026-06-09 14:17:25, EXEC, v:1, k:ed@bst_serial, mode:FULL, rate:0, size:103
2026-06-09 14:17:27, EXEC, v:1, k:ed@bst_serial, mode:FULL, rate:0
2026-06-09 14:17:32, EXEC, v:1, k:ed@bst_serial, mode:FULL, rate:0
2026-06-09 14:17:34, MOVE, v:1, k:ed@bst_serial, mode:BACK
2026-06-09 14:17:38, MOVE, v:1, k:ed@bst_serial, mode:PICK
2026-06-09 14:17:41, MOVE, v:1, k:ed@bst_serial, mode:BACK
2026-06-09 14:17:45, MOVE, v:1, k:ed@bst_serial, mode:PICK
2026-06-09 14:18:01, EXEC, v:1, k:ed@bst_serial, mode:FULL, rate:100, size:103
2026-06-09 14:18:02, MOVE, v:1, k:ed@bst_serial, mode:BACK
2026-06-09 14:18:10, SELF, v:1, k:ed@bst_serial, self:1, rate:100, concept:1, problem:1, debug:1, refactor:1
