2026-06-07 00:21:26, MOVE, v:1, k:ed@inverter, mode:PICK
2026-06-07 00:22:06, EXEC, v:1, k:ed@inverter, mode:FULL, rate:100, size:77
2026-06-07 00:22:13, MOVE, v:1, k:ed@inverter, mode:BACK
2026-06-07 00:22:28, SELF, v:1, k:ed@inverter, self:1, rate:100, concept:1, problem:1, refactor:1
2026-06-07 00:22:41, MOVE, v:1, k:ed@inverter, mode:PICK
2026-06-07 00:22:42, MOVE, v:1, k:ed@inverter, mode:BACK
2026-06-07 09:55:36, SELF, v:1, k:ed@fractais_png, self:1, friend:Joao Pedro, guided:1, concept:1, problem:1, refactor:1
2026-06-07 09:55:56, SELF, v:1, k:ed@vetequals, self:1, rate:100, concept:1, problem:1, debug:1, refactor:1
2026-06-07 09:56:08, SELF, v:1, k:ed@enesimo, self:1, rate:100, concept:1, problem:1, refactor:1
2026-06-07 09:56:33, SELF, v:1, k:ed@magicsearch, self:1, rate:100, concept:1, problem:1, debug:1, refactor:1
2026-06-07 09:56:49, SELF, v:1, k:ed@magicsearch, self:1, rate:100, concept:1, code:1, refactor:1
2026-06-07 09:57:13, SELF, v:1, k:ed@bettersearch, self:1, rate:100, concept:1, problem:1, debug:1, refactor:1
2026-06-07 09:57:43, SELF, v:1, k:ed@bettersearch, self:1, rate:100, concept:1, code:1, refactor:1
2026-06-07 09:58:36, MOVE, v:1, k:ed@clonar, mode:PICK
2026-06-07 10:01:38, EXEC, v:1, k:ed@clonar, mode:FULL, rate:0, size:76
2026-06-07 10:02:09, EXEC, v:1, k:ed@clonar, mode:FULL, size:77, fail:COMP
2026-06-07 10:02:13, EXEC, v:1, k:ed@clonar, mode:FULL, rate:16, size:77
2026-06-07 10:02:09, MOVE, v:1, k:ed@clonar, mode:EDIT
2026-06-07 10:24:05, EXEC, v:1, k:ed@clonar, mode:FULL, rate:16, size:80
2026-06-07 10:24:23, EXEC, v:1, k:ed@clonar, mode:FULL, rate:16, size:80
2026-06-07 10:24:36, EXEC, v:1, k:ed@clonar, mode:FULL, rate:16, size:80
2026-06-07 10:24:42, EXEC, v:1, k:ed@clonar, mode:FULL, rate:16, size:79
2026-06-07 10:24:43, EXEC, v:1, k:ed@clonar, mode:FULL, rate:16
2026-06-07 10:24:44, EXEC, v:1, k:ed@clonar, mode:FULL, rate:16
2026-06-07 10:24:49, EXEC, v:1, k:ed@clonar, mode:FULL, rate:100, size:81
2026-06-07 10:24:50, MOVE, v:1, k:ed@clonar, mode:BACK
2026-06-07 10:24:49, MOVE, v:1, k:ed@clonar, mode:EDIT
2026-06-07 10:25:04, SELF, v:1, k:ed@clonar, self:1, rate:100, concept:1, refactor:1
2026-06-07 10:25:30, MOVE, v:1, k:ed@soma, mode:PICK
2026-06-07 10:25:32, EXEC, v:1, k:ed@soma, mode:FULL, rate:0, size:83
2026-06-07 10:39:20, EXEC, v:1, k:ed@soma, mode:FULL, rate:42, size:85
2026-06-07 10:39:58, MOVE, v:1, k:ed@soma, mode:EDIT
2026-06-07 10:40:21, EXEC, v:1, k:ed@soma, mode:FULL, size:91, fail:COMP
2026-06-07 10:40:21, MOVE, v:1, k:ed@soma, mode:BACK
2026-06-07 10:40:27, MOVE, v:1, k:ed@soma, mode:PICK
2026-06-07 10:40:20, MOVE, v:1, k:ed@soma, mode:EDIT
2026-06-07 10:51:49, EXEC, v:1, k:ed@soma, mode:FULL, fail:COMP
2026-06-07 10:51:49, MOVE, v:1, k:ed@soma, mode:BACK
2026-06-07 10:51:50, MOVE, v:1, k:ed@soma, mode:PICK
2026-06-07 10:52:44, EXEC, v:1, k:ed@soma, mode:FULL, rate:57, size:96
2026-06-07 10:52:55, EXEC, v:1, k:ed@soma, mode:FULL, rate:28, size:96
2026-06-07 10:53:17, EXEC, v:1, k:ed@soma, mode:FULL, rate:100, size:104
2026-06-07 10:53:18, MOVE, v:1, k:ed@soma, mode:BACK
2026-06-07 10:53:40, SELF, v:1, k:ed@soma, self:1, rate:100, concept:1, problem:1, refactor:1
2026-06-07 10:54:21, MOVE, v:1, k:ed@altura, mode:PICK
2026-06-07 10:54:51, EXEC, v:1, k:ed@altura, mode:FULL, rate:0, size:108
2026-06-07 10:53:13, MOVE, v:1, k:ed@soma, mode:EDIT
2026-06-07 10:57:02, EXEC, v:1, k:ed@altura, mode:FULL, rate:0, size:119
2026-06-07 10:57:04, EXEC, v:1, k:ed@altura, mode:FULL, rate:0
2026-06-07 10:57:55, EXEC, v:1, k:ed@altura, mode:FULL, rate:0
2026-06-07 10:59:00, EXEC, v:1, k:ed@altura, mode:FULL, rate:0, size:128
2026-06-07 10:59:12, EXEC, v:1, k:ed@altura, mode:FULL, rate:0, size:128
2026-06-07 10:59:59, MOVE, v:1, k:ed@altura, mode:EDIT
2026-06-07 11:01:28, EXEC, v:1, k:ed@altura, mode:FULL, size:128, fail:COMP
2026-06-07 11:02:48, EXEC, v:1, k:ed@altura, mode:FULL, rate:0, size:131
2026-06-07 11:03:02, MOVE, v:1, k:ed@altura, mode:BACK
2026-06-07 11:03:06, MOVE, v:1, k:ed@altura, mode:PICK
2026-06-07 11:03:07, EXEC, v:1, k:ed@altura, mode:FULL, rate:0
2026-06-07 11:03:13, MOVE, v:1, k:ed@altura, mode:BACK
2026-06-07 11:03:14, MOVE, v:1, k:ed@altura, mode:PICK
2026-06-07 11:02:46, MOVE, v:1, k:ed@altura, mode:EDIT
2026-06-07 11:05:22, EXEC, v:1, k:ed@altura, mode:FULL, rate:14, size:131
2026-06-07 11:05:48, MOVE, v:1, k:ed@altura, mode:BACK
2026-06-07 11:05:56, MOVE, v:1, k:ed@altura, mode:PICK
2026-06-07 11:05:32, MOVE, v:1, k:ed@altura, mode:EDIT
2026-06-07 11:24:15, EXEC, v:1, k:ed@altura, mode:FULL, rate:100, size:141
2026-06-07 11:24:16, MOVE, v:1, k:ed@altura, mode:BACK
2026-06-07 11:24:38, SELF, v:1, k:ed@altura, self:1, rate:100, concept:1, problem:1, refactor:1
2026-06-07 11:24:12, MOVE, v:1, k:ed@altura, mode:EDIT
2026-06-07 11:25:02, MOVE, v:1, k:ed@compare, mode:PICK
2026-06-07 11:48:43, EXEC, v:1, k:ed@compare, mode:FULL, rate:100, size:103
2026-06-07 11:48:45, MOVE, v:1, k:ed@compare, mode:BACK
2026-06-07 11:48:54, MOVE, v:1, k:ed@compare, mode:PICK
2026-06-07 11:48:55, EXEC, v:1, k:ed@compare, mode:FULL, rate:100
2026-06-07 11:48:56, MOVE, v:1, k:ed@compare, mode:BACK
