2026-05-03 01:22:26, MOVE, v:1, k:ed@lista_d1, mode:PICK
2026-05-03 01:22:27, EXEC, v:1, k:ed@lista_d1, mode:FULL, size:72, fail:COMP
2026-05-03 01:27:51, MOVE, v:1, k:ed@lista_d1, mode:PICK
2026-05-03 01:30:14, EXEC, v:1, k:ed@lista_d1, mode:FULL, size:89, fail:COMP
2026-05-03 01:31:33, EXEC, v:1, k:ed@lista_d1, mode:FULL, size:89, fail:COMP
2026-05-03 01:31:46, EXEC, v:1, k:ed@lista_d1, mode:FULL, rate:0, size:90
2026-05-03 01:32:13, MOVE, v:1, k:ed@lista_d1, mode:EDIT
2026-05-03 02:11:36, EXEC, v:1, k:ed@lista_d1, mode:FULL, rate:14, size:116
2026-05-03 02:11:45, EXEC, v:1, k:ed@lista_d1, mode:FULL, rate:14
2026-05-03 02:12:07, EXEC, v:1, k:ed@lista_d1, mode:FULL, rate:14, size:124
2026-05-03 02:12:27, EXEC, v:1, k:ed@lista_d1, mode:FULL, rate:14, size:147
2026-05-03 02:12:40, EXEC, v:1, k:ed@lista_d1, mode:FULL, rate:57, size:147
2026-05-03 02:12:38, MOVE, v:1, k:ed@lista_d1, mode:EDIT
2026-05-03 02:12:59, EXEC, v:1, k:ed@lista_d1, mode:FULL, rate:57, size:169
2026-05-03 02:13:19, EXEC, v:1, k:ed@lista_d1, mode:FULL, size:191, fail:COMP
2026-05-03 02:13:26, EXEC, v:1, k:ed@lista_d1, mode:FULL, rate:57, size:191
2026-05-03 02:13:48, EXEC, v:1, k:ed@lista_d1, mode:FULL, size:195, fail:COMP
2026-05-03 02:13:58, EXEC, v:1, k:ed@lista_d1, mode:FULL, rate:71, size:195
2026-05-03 02:14:36, EXEC, v:1, k:ed@lista_d1, mode:FULL, rate:85, size:195
2026-05-03 02:14:51, EXEC, v:1, k:ed@lista_d1, mode:FULL, rate:100, size:195
2026-05-03 02:14:53, MOVE, v:1, k:ed@lista_d1, mode:BACK
