2026-06-06 13:03:12, MOVE, v:1, k:ed@serial, mode:PICK
2026-06-06 13:03:13, EXEC, v:1, k:ed@serial, mode:FULL, rate:100
2026-06-06 13:03:13, MOVE, v:1, k:ed@serial, mode:BACK
2026-06-06 13:03:20, SELF, v:1, k:ed@serial, self:1, rate:100, concept:1, refactor:1
2026-06-06 13:03:49, SELF, v:1, k:ed@fractais_png, self:1, friend:Joao Pedro, guided:1
2026-06-06 13:04:39, MOVE, v:1, k:ed@diagonal, mode:DOWN
2026-06-06 13:04:56, MOVE, v:1, k:ed@diagonal, mode:DOWN
2026-06-06 13:04:57, MOVE, v:1, k:ed@sufixos, mode:DOWN
2026-06-06 13:05:00, MOVE, v:1, k:ed@diagonal, mode:PICK
2026-06-06 13:07:01, EXEC, v:1, k:ed@diagonal, mode:FULL, rate:0, size:22
2026-06-06 13:07:07, EXEC, v:1, k:ed@diagonal, mode:FULL, rate:0, size:22
2026-06-06 13:07:15, EXEC, v:1, k:ed@diagonal, mode:FULL, rate:0
2026-06-06 13:04:39, MOVE, v:1, k:ed@diagonal, mode:EDIT
2026-06-06 13:04:56, MOVE, v:1, k:ed@diagonal, mode:EDIT
2026-06-06 13:04:56, MOVE, v:1, k:ed@diagonal, mode:EDIT
2026-06-06 13:04:57, MOVE, v:1, k:ed@sufixos, mode:EDIT
2026-06-06 13:04:57, MOVE, v:1, k:ed@sufixos, mode:EDIT
2026-06-06 13:04:57, MOVE, v:1, k:ed@sufixos, mode:EDIT
2026-06-06 13:07:15, MOVE, v:1, k:ed@diagonal, mode:EDIT
2026-06-06 13:26:57, EXEC, v:1, k:ed@diagonal, mode:FULL, rate:0, size:22
2026-06-06 13:27:50, EXEC, v:1, k:ed@diagonal, mode:FULL, rate:0, size:21
2026-06-06 13:27:49, MOVE, v:1, k:ed@diagonal, mode:EDIT
2026-06-06 13:28:18, EXEC, v:1, k:ed@diagonal, mode:FULL, rate:100, size:21
2026-06-06 13:28:19, MOVE, v:1, k:ed@diagonal, mode:BACK
2026-06-06 13:28:24, SELF, v:1, k:ed@diagonal, self:1, rate:100
2026-06-06 13:28:42, MOVE, v:1, k:ed@formatada, mode:DOWN
2026-06-06 13:28:42, MOVE, v:1, k:ed@inverter, mode:DOWN
2026-06-06 13:28:43, MOVE, v:1, k:ed@clonar, mode:DOWN
2026-06-06 13:28:43, MOVE, v:1, k:ed@soma, mode:DOWN
2026-06-06 13:28:44, MOVE, v:1, k:ed@altura, mode:DOWN
2026-06-06 13:28:44, MOVE, v:1, k:ed@compare, mode:DOWN
2026-06-06 13:28:47, MOVE, v:1, k:ed@formatada, mode:PICK
2026-06-06 13:28:17, MOVE, v:1, k:ed@diagonal, mode:EDIT
2026-06-06 13:28:42, MOVE, v:1, k:ed@formatada, mode:EDIT
2026-06-06 13:28:42, MOVE, v:1, k:ed@formatada, mode:EDIT
2026-06-06 13:28:42, MOVE, v:1, k:ed@formatada, mode:EDIT
2026-06-06 13:28:42, MOVE, v:1, k:ed@inverter, mode:EDIT
2026-06-06 13:28:42, MOVE, v:1, k:ed@inverter, mode:EDIT
2026-06-06 13:28:42, MOVE, v:1, k:ed@inverter, mode:EDIT
2026-06-06 13:28:43, MOVE, v:1, k:ed@clonar, mode:EDIT
2026-06-06 13:28:43, MOVE, v:1, k:ed@clonar, mode:EDIT
2026-06-06 13:28:43, MOVE, v:1, k:ed@clonar, mode:EDIT
2026-06-06 13:28:43, MOVE, v:1, k:ed@soma, mode:EDIT
2026-06-06 13:28:43, MOVE, v:1, k:ed@soma, mode:EDIT
2026-06-06 13:28:43, MOVE, v:1, k:ed@soma, mode:EDIT
2026-06-06 13:28:44, MOVE, v:1, k:ed@altura, mode:EDIT
2026-06-06 13:28:44, MOVE, v:1, k:ed@altura, mode:EDIT
2026-06-06 13:28:44, MOVE, v:1, k:ed@altura, mode:EDIT
2026-06-06 13:28:44, MOVE, v:1, k:ed@compare, mode:EDIT
2026-06-06 13:28:44, MOVE, v:1, k:ed@compare, mode:EDIT
2026-06-06 13:28:44, MOVE, v:1, k:ed@compare, mode:EDIT
2026-06-06 13:52:10, EXEC, v:1, k:ed@formatada, mode:FULL, rate:0, size:72
2026-06-06 13:55:33, EXEC, v:1, k:ed@formatada, mode:FULL, rate:0, size:78
2026-06-06 13:56:05, EXEC, v:1, k:ed@formatada, mode:FULL, rate:0, size:78
2026-06-06 13:56:13, EXEC, v:1, k:ed@formatada, mode:FULL, rate:14, size:85
2026-06-06 13:56:16, MOVE, v:1, k:ed@formatada, mode:BACK
2026-06-06 13:56:36, MOVE, v:1, k:ed@formatada, mode:PICK
2026-06-06 13:56:36, EXEC, v:1, k:ed@formatada, mode:FULL, rate:14
2026-06-06 13:56:37, MOVE, v:1, k:ed@formatada, mode:BACK
2026-06-06 13:56:38, MOVE, v:1, k:ed@formatada, mode:PICK
2026-06-06 13:56:12, MOVE, v:1, k:ed@formatada, mode:EDIT
2026-06-06 14:20:47, EXEC, v:1, k:ed@formatada, mode:FULL, rate:14, size:87
2026-06-06 14:20:49, MOVE, v:1, k:ed@formatada, mode:BACK
2026-06-06 14:20:54, MOVE, v:1, k:ed@formatada, mode:PICK
2026-06-06 14:21:49, EXEC, v:1, k:ed@formatada, mode:FULL, rate:100, size:93
2026-06-06 14:21:50, MOVE, v:1, k:ed@formatada, mode:BACK
2026-06-06 14:22:07, SELF, v:1, k:ed@formatada, self:1, rate:100, concept:1, problem:1, refactor:1
2026-06-06 14:21:48, MOVE, v:1, k:ed@formatada, mode:EDIT
2026-06-06 14:25:30, SELF, v:1, k:ed@formatada, self:1, rate:100, concept:1, problem:1, debug:1, refactor:1
2026-06-06 14:25:36, MOVE, v:1, k:ed@inverter, mode:PICK
2026-06-06 14:29:08, EXEC, v:1, k:ed@inverter, mode:FULL, rate:16, size:72
2026-06-06 14:29:09, MOVE, v:1, k:ed@inverter, mode:BACK
2026-06-06 14:31:07, MOVE, v:1, k:ed@inverter, mode:PICK
2026-06-06 14:52:47, MOVE, v:1, k:ed@inverter, mode:EDIT
2026-06-06 15:14:38, EXEC, v:1, k:ed@inverter, mode:FULL, size:72, fail:COMP
2026-06-06 15:14:39, MOVE, v:1, k:ed@inverter, mode:BACK
