2026-05-22 08:38:38, MOVE, v:1, k:ed@lista_d3, mode:DOWN
2026-05-22 08:38:39, MOVE, v:1, k:ed@lista_d3, mode:PICK
2026-05-22 08:39:14, EXEC, v:1, k:ed@lista_d3, mode:FULL, rate:0, size:109
2026-05-22 08:38:38, MOVE, v:1, k:ed@lista_d3, mode:EDIT
2026-05-22 08:38:38, MOVE, v:1, k:ed@lista_d3, mode:EDIT
2026-05-22 08:41:30, MOVE, v:1, k:ed@lista_d3, mode:EDIT
2026-05-22 08:46:39, MOVE, v:1, k:ed@lista_d3, mode:EDIT
2026-05-22 08:48:19, EXEC, v:1, k:ed@lista_d3, mode:FULL, rate:0, size:147
2026-05-22 08:51:40, MOVE, v:1, k:ed@lista_d3, mode:EDIT
2026-05-22 08:52:03, EXEC, v:1, k:ed@lista_d3, mode:FULL, rate:0, size:156
2026-05-22 08:52:15, EXEC, v:1, k:ed@lista_d3, mode:FULL, rate:0, size:156
2026-05-22 08:54:39, EXEC, v:1, k:ed@lista_d3, mode:FULL, rate:0, size:171
2026-05-22 08:56:28, EXEC, v:1, k:ed@lista_d3, mode:FULL, rate:25, size:172
2026-05-22 08:56:15, MOVE, v:1, k:ed@lista_d3, mode:EDIT
2026-05-22 08:57:12, EXEC, v:1, k:ed@lista_d3, mode:FULL, rate:75, size:172
2026-05-22 09:01:41, MOVE, v:1, k:ed@lista_d3, mode:EDIT
2026-05-22 09:03:00, EXEC, v:1, k:ed@lista_d3, mode:FULL, rate:100, size:198
2026-05-22 09:03:01, MOVE, v:1, k:ed@lista_d3, mode:BACK
2026-05-22 09:03:22, SELF, v:1, k:ed@lista_d3, self:1, rate:100
2026-05-22 09:02:58, MOVE, v:1, k:ed@lista_d3, mode:EDIT
2026-05-22 09:08:24, MOVE, v:1, k:ed@especiais, mode:PICK
2026-05-22 09:15:59, EXEC, v:1, k:ed@especiais, mode:FULL, rate:0, size:142
2026-05-22 09:15:47, MOVE, v:1, k:ed@especiais, mode:EDIT
2026-05-22 09:54:17, MOVE, v:1, k:ed@especiais, mode:BACK
2026-05-22 11:39:30, MOVE, v:1, k:ed@especiais, mode:PICK
2026-05-22 11:41:15, EXEC, v:1, k:ed@especiais, mode:FULL, rate:0
2026-05-22 11:43:55, MOVE, v:1, k:ed@especiais, mode:EDIT
2026-05-22 11:45:32, EXEC, v:1, k:ed@especiais, mode:FULL, size:158, fail:COMP
2026-05-22 11:46:00, EXEC, v:1, k:ed@especiais, mode:FULL, rate:0, size:159
2026-05-22 11:46:52, EXEC, v:1, k:ed@especiais, mode:FULL, rate:12, size:159
2026-05-22 11:48:56, MOVE, v:1, k:ed@especiais, mode:EDIT
2026-05-22 11:51:54, EXEC, v:1, k:ed@especiais, mode:FULL, size:181, fail:COMP
2026-05-22 11:53:08, EXEC, v:1, k:ed@especiais, mode:FULL, rate:12, size:179
2026-05-22 11:53:07, MOVE, v:1, k:ed@especiais, mode:EDIT
2026-05-22 14:20:04, EXEC, v:1, k:ed@especiais, mode:FULL, rate:12
2026-05-22 14:22:26, EXEC, v:1, k:ed@especiais, mode:FULL, rate:12, size:189
2026-05-22 14:24:05, MOVE, v:1, k:ed@especiais, mode:EDIT
2026-05-22 14:24:50, EXEC, v:1, k:ed@especiais, mode:FULL, rate:25, size:193
2026-05-22 14:26:34, MOVE, v:1, k:ed@especiais, mode:BACK
2026-05-22 14:26:49, MOVE, v:1, k:ed@especiais, mode:PICK
2026-05-22 14:26:50, EXEC, v:1, k:ed@especiais, mode:FULL, rate:25, size:200
2026-05-22 14:27:23, EXEC, v:1, k:ed@especiais, mode:FULL, rate:25, size:201
2026-05-22 14:28:23, EXEC, v:1, k:ed@especiais, mode:FULL, rate:25
2026-05-22 14:27:22, MOVE, v:1, k:ed@especiais, mode:EDIT
2026-05-22 14:29:44, EXEC, v:1, k:ed@especiais, mode:FULL, rate:37, size:203
2026-05-22 14:30:11, EXEC, v:1, k:ed@especiais, mode:FULL, rate:37, size:208
2026-05-22 14:30:45, EXEC, v:1, k:ed@especiais, mode:FULL, rate:50, size:214
2026-05-22 14:31:13, EXEC, v:1, k:ed@especiais, mode:FULL, rate:62, size:223
2026-05-22 14:31:27, EXEC, v:1, k:ed@especiais, mode:FULL, rate:75, size:227
2026-05-22 14:31:28, MOVE, v:1, k:ed@especiais, mode:BACK
2026-05-22 14:31:48, MOVE, v:1, k:ed@especiais, mode:PICK
2026-05-22 14:33:12, EXEC, v:1, k:ed@especiais, mode:FULL, rate:75
2026-05-22 14:34:11, MOVE, v:1, k:ed@especiais, mode:EDIT
2026-05-22 14:36:54, EXEC, v:1, k:ed@especiais, mode:FULL, rate:87, size:236
2026-05-22 14:39:12, MOVE, v:1, k:ed@especiais, mode:EDIT
2026-05-22 14:40:43, EXEC, v:1, k:ed@especiais, mode:FULL, rate:100, size:243
2026-05-22 14:40:45, MOVE, v:1, k:ed@especiais, mode:BACK
2026-05-22 14:40:52, SELF, v:1, k:ed@especiais, self:1, rate:100
2026-05-22 14:42:17, MOVE, v:1, k:ed@prin_list2, mode:DOWN
2026-05-22 14:42:17, MOVE, v:1, k:ed@prin_list2, mode:PICK
2026-05-22 14:40:42, MOVE, v:1, k:ed@especiais, mode:EDIT
2026-05-22 14:42:17, MOVE, v:1, k:ed@prin_list2, mode:EDIT
2026-05-22 14:42:17, MOVE, v:1, k:ed@prin_list2, mode:EDIT
2026-05-22 14:42:17, MOVE, v:1, k:ed@prin_list2, mode:EDIT
2026-05-22 14:54:12, EXEC, v:1, k:ed@prin_list2, mode:FULL, rate:0, size:46
2026-05-22 14:57:42, EXEC, v:1, k:ed@prin_list2, mode:FULL, rate:0, size:66
2026-05-22 14:58:55, EXEC, v:1, k:ed@prin_list2, mode:FULL, rate:30, size:69
2026-05-22 14:59:14, MOVE, v:1, k:ed@prin_list2, mode:EDIT
2026-05-22 14:59:36, EXEC, v:1, k:ed@prin_list2, mode:FULL, rate:30, size:72
2026-05-22 15:00:35, EXEC, v:1, k:ed@prin_list2, mode:FULL, rate:30
2026-05-22 15:00:58, EXEC, v:1, k:ed@prin_list2, mode:FULL, rate:100, size:71
2026-05-22 15:01:02, MOVE, v:1, k:ed@prin_list2, mode:BACK
2026-05-22 15:01:14, SELF, v:1, k:ed@prin_list2, self:1, rate:100
2026-05-22 15:01:26, MOVE, v:1, k:ed@prin_list1, mode:PICK
2026-05-22 15:01:27, EXEC, v:1, k:ed@prin_list1, mode:LOCK, rate:0
2026-05-22 15:01:28, MOVE, v:1, k:ed@prin_list1, mode:BACK
2026-05-22 15:00:57, MOVE, v:1, k:ed@prin_list2, mode:EDIT
