2026-06-17 10:29:28, MOVE, v:1, k:ed@caminho, mode:DOWN
2026-06-17 10:29:35, MOVE, v:1, k:ed@caminho, mode:PICK
2026-06-17 10:29:49, EXEC, v:1, k:ed@caminho, mode:FULL, size:111, fail:COMP
2026-06-17 10:29:51, EXEC, v:1, k:ed@caminho, mode:FULL, fail:COMP
2026-06-17 10:29:28, MOVE, v:1, k:ed@caminho, mode:EDIT
2026-06-17 10:29:28, MOVE, v:1, k:ed@caminho, mode:EDIT
2026-06-17 10:32:50, MOVE, v:1, k:ed@caminho, mode:EDIT
2026-06-17 10:34:56, EXEC, v:1, k:ed@caminho, mode:FULL, size:117, fail:COMP
2026-06-17 10:35:14, EXEC, v:1, k:ed@caminho, mode:FULL, fail:COMP
2026-06-17 10:35:25, EXEC, v:1, k:ed@caminho, mode:FULL, rate:0, size:117
2026-06-17 10:39:04, MOVE, v:1, k:ed@caminho, mode:EDIT
2026-06-17 10:44:08, MOVE, v:1, k:ed@caminho, mode:EDIT
2026-06-17 10:48:03, MOVE, v:1, k:ed@caminho, mode:EDIT
2026-06-17 10:54:06, MOVE, v:1, k:ed@caminho, mode:EDIT
2026-06-17 10:54:49, MOVE, v:1, k:ed@caminho, mode:BACK
2026-06-17 10:54:20, MOVE, v:1, k:ed@caminho, mode:EDIT
2026-06-17 13:47:34, SELF, v:1, k:ed@fractais_png, self:1, rate:100, friend:Joao Pedro, guided:1, concept:1, problem:1, debug:1, refactor:1
2026-06-17 13:50:17, SELF, v:1, k:ed@prin_list1, self:1, code:1
2026-06-17 13:50:18, MOVE, v:1, k:ed@prin_list1, mode:PICK
2026-06-17 13:50:19, EXEC, v:1, k:ed@prin_list1, mode:LOCK, rate:0
2026-06-17 13:50:21, MOVE, v:1, k:ed@prin_list1, mode:BACK
2026-06-17 13:50:24, MOVE, v:1, k:ed@editorint, mode:PICK
2026-06-17 13:50:25, MOVE, v:1, k:ed@editorint, mode:BACK
2026-06-17 13:50:35, SELF, v:1, k:ed@editorint, self:1, rate:100, concept:1, problem:1, debug:1
2026-06-17 14:12:51, MOVE, v:1, k:ed@caminho, mode:PICK
2026-06-17 14:13:24, EXEC, v:1, k:ed@caminho, mode:FULL, size:146, fail:COMP
2026-06-17 14:13:36, EXEC, v:1, k:ed@caminho, mode:FULL, fail:COMP
2026-06-17 14:13:37, EXEC, v:1, k:ed@caminho, mode:FULL, rate:0, size:146
2026-06-17 14:14:28, EXEC, v:1, k:ed@caminho, mode:FULL, size:146, fail:COMP
2026-06-17 14:14:43, EXEC, v:1, k:ed@caminho, mode:FULL, rate:0, size:146
2026-06-17 14:15:04, MOVE, v:1, k:ed@caminho, mode:BACK
2026-06-17 14:15:11, MOVE, v:1, k:ed@caminho, mode:PICK
2026-06-17 14:17:37, EXEC, v:1, k:ed@caminho, mode:FULL, rate:0, size:154
2026-06-17 14:17:38, EXEC, v:1, k:ed@caminho, mode:FULL, rate:0
2026-06-17 14:17:56, MOVE, v:1, k:ed@caminho, mode:EDIT
2026-06-17 14:18:10, EXEC, v:1, k:ed@caminho, mode:FULL, rate:0, size:157
2026-06-17 14:18:13, EXEC, v:1, k:ed@caminho, mode:FULL, rate:0
2026-06-17 14:18:26, MOVE, v:1, k:ed@caminho, mode:BACK
2026-06-17 14:18:27, MOVE, v:1, k:ed@caminho, mode:PICK
2026-06-17 14:18:51, MOVE, v:1, k:ed@caminho, mode:BACK
2026-06-17 14:18:53, MOVE, v:1, k:ed@caminho, mode:PICK
2026-06-17 14:20:32, EXEC, v:1, k:ed@caminho, mode:FULL, size:158, fail:COMP
2026-06-17 14:20:32, EXEC, v:1, k:ed@caminho, mode:FULL, size:158, fail:COMP
2026-06-17 14:20:33, EXEC, v:1, k:ed@caminho, mode:FULL, size:158, fail:COMP
2026-06-17 14:20:34, EXEC, v:1, k:ed@caminho, mode:FULL, fail:COMP
2026-06-17 14:20:45, EXEC, v:1, k:ed@caminho, mode:FULL, rate:0, size:158
2026-06-17 14:20:48, EXEC, v:1, k:ed@caminho, mode:FULL, rate:0
2026-06-17 14:21:26, EXEC, v:1, k:ed@caminho, mode:FULL, rate:0, size:159
2026-06-17 14:21:38, EXEC, v:1, k:ed@caminho, mode:FULL, rate:0, size:159
2026-06-17 14:22:29, EXEC, v:1, k:ed@caminho, mode:FULL, rate:0, size:159
2026-06-17 14:22:32, EXEC, v:1, k:ed@caminho, mode:FULL, rate:100
2026-06-17 14:22:35, MOVE, v:1, k:ed@caminho, mode:BACK
2026-06-17 14:22:27, MOVE, v:1, k:ed@caminho, mode:EDIT
2026-06-17 14:22:58, SELF, v:1, k:ed@caminho, self:1, rate:100, concept:1, problem:1, debug:1, refactor:1
2026-06-17 14:33:54, SELF, v:1, k:ed@pilhado, self:1, rate:100, concept:1, problem:1, debug:1, refactor:1
2026-06-17 14:34:26, SELF, v:1, k:ed@balanceada, self:1, rate:100, concept:1, problem:1, debug:1, refactor:1
2026-06-17 14:34:45, SELF, v:1, k:ed@sudoku, self:1, rate:100, problem:1
2026-06-17 14:35:08, SELF, v:1, k:ed@bst_serial, self:1, rate:100, concept:1, problem:1, debug:1, refactor:1
2026-06-17 14:35:29, SELF, v:1, k:ed@pintura, self:1, rate:100, concept:1, problem:1, debug:1, refactor:1
2026-06-17 14:35:40, SELF, v:1, k:ed@ilhas, self:1, rate:100, problem:1, debug:1
2026-06-17 14:35:44, SELF, v:1, k:ed@cercado, self:1, rate:100, concept:1, problem:1, refactor:1
