2026-04-04 13:40:54, MOVE, v:1, k:ed@treinando, mode:PICK
2026-04-04 13:40:56, EXEC, v:1, k:ed@treinando, mode:FULL, rate:0, size:96
2026-04-04 13:41:02, EXEC, v:1, k:ed@treinando, mode:FULL, rate:0
2026-04-04 13:41:11, EXEC, v:1, k:ed@treinando, mode:FULL, rate:0
2026-04-04 13:41:12, MOVE, v:1, k:ed@treinando, mode:BACK
2026-04-04 13:41:14, MOVE, v:1, k:ed@triangulo, mode:PICK
2026-04-04 13:41:15, EXEC, v:1, k:ed@triangulo, mode:FULL, rate:100
2026-04-04 13:41:17, EXEC, v:1, k:ed@triangulo, mode:FULL, rate:100
2026-04-04 13:41:17, MOVE, v:1, k:ed@triangulo, mode:BACK
2026-04-04 13:41:21, MOVE, v:1, k:ed@queimada, mode:PICK
2026-04-04 13:41:22, EXEC, v:1, k:ed@queimada, mode:FULL, rate:100
2026-04-04 13:41:23, MOVE, v:1, k:ed@queimada, mode:BACK
2026-04-04 13:41:29, MOVE, v:1, k:ed@treinando, mode:PICK
2026-04-04 13:41:30, EXEC, v:1, k:ed@treinando, mode:FULL, rate:0
2026-04-04 13:41:33, MOVE, v:1, k:ed@treinando, mode:BACK
2026-04-04 13:43:36, MOVE, v:1, k:ed@treinando, mode:PICK
2026-04-04 13:43:45, EXEC, v:1, k:ed@treinando, mode:FULL, rate:0
2026-04-04 13:44:28, EXEC, v:1, k:ed@treinando, mode:FULL, rate:0, size:96
2026-04-04 13:48:52, EXEC, v:1, k:ed@treinando, mode:FULL, rate:16, size:106
2026-04-04 13:49:50, EXEC, v:1, k:ed@treinando, mode:FULL, rate:33, size:106
2026-04-04 13:50:30, EXEC, v:1, k:ed@treinando, mode:FULL, size:106, fail:COMP
2026-04-04 13:50:37, EXEC, v:1, k:ed@treinando, mode:FULL, rate:33, size:106
2026-04-04 13:51:24, EXEC, v:1, k:ed@treinando, mode:FULL, rate:33
2026-04-04 13:55:44, EXEC, v:1, k:ed@treinando, mode:FULL, rate:50, size:116
2026-04-04 13:59:17, EXEC, v:1, k:ed@treinando, mode:FULL, rate:66, size:124
2026-04-04 14:00:27, MOVE, v:1, k:ed@treinando, mode:PICK
2026-04-04 14:00:30, EXEC, v:1, k:ed@treinando, mode:FULL, rate:66, size:126
2026-04-04 14:02:39, EXEC, v:1, k:ed@treinando, mode:FULL, rate:83, size:133
2026-04-04 14:03:24, EXEC, v:1, k:ed@treinando, mode:FULL, rate:100, size:152
2026-04-04 14:03:26, MOVE, v:1, k:ed@treinando, mode:BACK
2026-04-04 14:19:29, MOVE, v:1, k:ed@resto, mode:PICK
2026-04-04 14:25:59, EXEC, v:1, k:ed@resto, mode:FULL, rate:0, size:17
2026-04-04 14:27:00, EXEC, v:1, k:ed@resto, mode:FULL, rate:0, size:19
2026-04-04 14:27:49, EXEC, v:1, k:ed@resto, mode:FULL, rate:100, size:19
2026-04-04 14:27:54, MOVE, v:1, k:ed@resto, mode:BACK
