2026-05-31 17:40:50, MOVE, v:1, k:ed@pilha, mode:DOWN
2026-05-31 17:40:51, MOVE, v:1, k:ed@pilha, mode:PICK
2026-05-31 17:42:14, EXEC, v:1, k:ed@pilha, mode:FULL, rate:0, size:80
2026-05-31 17:40:50, MOVE, v:1, k:ed@pilha, mode:EDIT
2026-05-31 17:40:50, MOVE, v:1, k:ed@pilha, mode:EDIT
2026-05-31 17:40:50, MOVE, v:1, k:ed@pilha, mode:EDIT
2026-05-31 17:43:29, MOVE, v:1, k:ed@pilha, mode:EDIT
2026-05-31 17:48:27, MOVE, v:1, k:ed@pilha, mode:EDIT
2026-05-31 17:52:28, EXEC, v:1, k:ed@pilha, mode:FULL, rate:0, size:93
2026-05-31 17:52:44, EXEC, v:1, k:ed@pilha, mode:FULL, rate:0, size:93
2026-05-31 17:52:43, MOVE, v:1, k:ed@pilha, mode:EDIT
2026-05-31 17:57:33, MOVE, v:1, k:ed@pilha, mode:EDIT
2026-05-31 17:58:45, EXEC, v:1, k:ed@pilha, mode:FULL, rate:0, size:106
2026-05-31 17:59:07, EXEC, v:1, k:ed@pilha, mode:FULL, rate:0, size:107
2026-05-31 18:00:27, EXEC, v:1, k:ed@pilha, mode:FULL, rate:0, size:107
2026-05-31 18:00:46, EXEC, v:1, k:ed@pilha, mode:FULL, rate:0, size:110
2026-05-31 18:01:46, EXEC, v:1, k:ed@pilha, mode:FULL, rate:0, size:114
2026-05-31 18:02:40, EXEC, v:1, k:ed@pilha, mode:FULL, rate:33, size:114
2026-05-31 18:03:29, MOVE, v:1, k:ed@pilha, mode:EDIT
2026-05-31 18:04:32, EXEC, v:1, k:ed@pilha, mode:FULL, rate:33, size:122
2026-05-31 18:04:41, EXEC, v:1, k:ed@pilha, mode:FULL, rate:33, size:122
2026-05-31 18:07:11, EXEC, v:1, k:ed@pilha, mode:FULL, rate:66, size:122
2026-05-31 18:08:26, MOVE, v:1, k:ed@pilha, mode:EDIT
2026-05-31 18:09:09, EXEC, v:1, k:ed@pilha, mode:FULL, rate:66, size:131
2026-05-31 18:09:17, EXEC, v:1, k:ed@pilha, mode:FULL, rate:66
2026-05-31 18:09:38, EXEC, v:1, k:ed@pilha, mode:FULL, rate:100, size:131
2026-05-31 18:09:44, MOVE, v:1, k:ed@pilha, mode:BACK
2026-05-31 18:09:56, SELF, v:1, k:ed@pilha, self:1, rate:100, concept:1, refactor:1
2026-05-31 18:09:37, MOVE, v:1, k:ed@pilha, mode:EDIT
