2026-06-08 21:12:23, SELF, v:1, k:ed@subset_sum, self:1, rate:100, concept:1, problem:1, debug:1, refactor:1
2026-06-08 21:12:38, SELF, v:1, k:ed@wordsearch, self:1, rate:100, concept:1, problem:1, debug:1, refactor:1
2026-06-08 21:13:00, SELF, v:1, k:ed@permutacoes, self:1, rate:100, concept:1, problem:1, debug:1, refactor:1
2026-06-08 21:13:24, SELF, v:1, k:ed@fila_enc, self:1, rate:100, concept:1, problem:1, debug:1, refactor:1
2026-06-08 21:13:43, SELF, v:1, k:ed@pilha, self:1, rate:100, concept:1, problem:1, debug:1, refactor:1
2026-06-08 21:14:01, SELF, v:1, k:ed@editorint, self:1, concept:1, problem:1, debug:1
2026-06-08 21:14:15, SELF, v:1, k:ed@prin_list1, self:1, code:1
2026-06-08 21:14:30, SELF, v:1, k:ed@prin_list2, self:1, rate:100, problem:1
2026-06-08 21:14:58, MOVE, v:1, k:ed@compare, mode:PICK
2026-06-08 21:14:59, EXEC, v:1, k:ed@compare, mode:FULL, rate:100
2026-06-08 21:15:00, MOVE, v:1, k:ed@compare, mode:BACK
2026-06-08 21:15:07, MOVE, v:1, k:ed@compare, mode:PICK
2026-06-08 21:15:08, MOVE, v:1, k:ed@compare, mode:BACK
2026-06-08 21:15:10, MOVE, v:1, k:ed@compare, mode:DOWN
2026-06-08 21:15:17, MOVE, v:1, k:ed@compare, mode:DOWN
2026-06-08 21:15:18, MOVE, v:1, k:ed@compare, mode:PICK
2026-06-08 21:15:19, EXEC, v:1, k:ed@compare, mode:FULL, rate:100
2026-06-08 21:16:08, MOVE, v:1, k:ed@compare, mode:BACK
2026-06-08 21:16:10, MOVE, v:1, k:ed@compare, mode:DOWN
2026-06-08 21:16:17, MOVE, v:1, k:ed@compare, mode:DOWN
2026-06-08 21:16:17, MOVE, v:1, k:ed@compare, mode:PICK
2026-06-08 21:16:19, EXEC, v:1, k:ed@compare, mode:FULL, rate:100
2026-06-08 21:16:19, MOVE, v:1, k:ed@compare, mode:BACK
2026-06-08 21:16:10, MOVE, v:1, k:ed@compare, mode:EDIT
2026-06-08 21:16:17, MOVE, v:1, k:ed@compare, mode:EDIT
2026-06-08 21:16:17, MOVE, v:1, k:ed@compare, mode:EDIT
2026-06-08 21:16:17, MOVE, v:1, k:ed@compare, mode:EDIT
2026-06-08 21:19:52, SELF, v:1, k:ed@compare, self:1, rate:100, guided:1, refactor:1
2026-06-08 21:20:01, MOVE, v:1, k:ed@arvore-path, mode:DOWN
2026-06-08 21:20:02, MOVE, v:1, k:ed@bst_insert, mode:DOWN
2026-06-08 21:20:03, MOVE, v:1, k:ed@bst_serial, mode:DOWN
2026-06-08 21:20:03, MOVE, v:1, k:ed@bst_remove, mode:DOWN
2026-06-08 21:20:59, MOVE, v:1, k:ed@arvore-path, mode:PICK
2026-06-08 21:21:01, EXEC, v:1, k:ed@arvore-path, mode:FULL, size:80, fail:COMP
2026-06-08 21:20:01, MOVE, v:1, k:ed@arvore-path, mode:EDIT
2026-06-08 21:20:01, MOVE, v:1, k:ed@arvore-path, mode:EDIT
2026-06-08 21:20:01, MOVE, v:1, k:ed@arvore-path, mode:EDIT
2026-06-08 21:20:02, MOVE, v:1, k:ed@bst_insert, mode:EDIT
2026-06-08 21:20:02, MOVE, v:1, k:ed@bst_insert, mode:EDIT
2026-06-08 21:20:02, MOVE, v:1, k:ed@bst_insert, mode:EDIT
2026-06-08 21:20:03, MOVE, v:1, k:ed@bst_serial, mode:EDIT
2026-06-08 21:20:03, MOVE, v:1, k:ed@bst_serial, mode:EDIT
2026-06-08 21:20:03, MOVE, v:1, k:ed@bst_serial, mode:EDIT
2026-06-08 21:20:03, MOVE, v:1, k:ed@bst_remove, mode:EDIT
2026-06-08 21:20:03, MOVE, v:1, k:ed@bst_remove, mode:EDIT
2026-06-08 21:20:03, MOVE, v:1, k:ed@bst_remove, mode:EDIT
