2026-06-05 15:03:05, MOVE, v:1, k:ed@vetequals, mode:PICK
2026-06-05 15:03:08, MOVE, v:1, k:ed@vetequals, mode:BACK
2026-06-05 15:03:16, MOVE, v:1, k:ed@vetequals, mode:DOWN
2026-06-05 15:03:17, MOVE, v:1, k:ed@vetequals, mode:PICK
2026-06-05 15:04:58, EXEC, v:1, k:ed@vetequals, mode:FULL, rate:80, size:52
2026-06-05 15:05:20, EXEC, v:1, k:ed@vetequals, mode:FULL, rate:80, size:56
2026-06-05 15:06:01, EXEC, v:1, k:ed@vetequals, mode:FULL, rate:80, size:58
2026-06-05 15:03:16, MOVE, v:1, k:ed@vetequals, mode:EDIT
2026-06-05 15:03:16, MOVE, v:1, k:ed@vetequals, mode:EDIT
2026-06-05 15:06:21, MOVE, v:1, k:ed@vetequals, mode:EDIT
2026-06-05 15:10:22, EXEC, v:1, k:ed@vetequals, mode:FULL, rate:100, size:61
2026-06-05 15:10:23, MOVE, v:1, k:ed@vetequals, mode:BACK
2026-06-05 15:11:19, MOVE, v:1, k:ed@eh_primo, mode:PICK
2026-06-05 15:14:03, EXEC, v:1, k:ed@eh_primo, mode:FULL, rate:66, size:27
2026-06-05 15:14:08, MOVE, v:1, k:ed@eh_primo, mode:BACK
2026-06-05 15:14:16, MOVE, v:1, k:ed@eh_primo, mode:PICK
2026-06-05 15:14:31, EXEC, v:1, k:ed@eh_primo, mode:FULL, rate:100, size:30
2026-06-05 15:14:35, EXEC, v:1, k:ed@eh_primo, mode:FULL, rate:66, size:30
2026-06-05 15:14:42, EXEC, v:1, k:ed@eh_primo, mode:FULL, rate:66, size:30
2026-06-05 15:14:43, EXEC, v:1, k:ed@eh_primo, mode:FULL, rate:66
2026-06-05 15:14:49, EXEC, v:1, k:ed@eh_primo, mode:FULL, rate:100, size:30
2026-06-05 15:14:49, MOVE, v:1, k:ed@eh_primo, mode:BACK
2026-06-05 15:15:39, MOVE, v:1, k:ed@padroes1, mode:PICK
2026-06-05 15:15:49, MOVE, v:1, k:ed@padroes1, mode:BACK
2026-06-05 15:15:59, MOVE, v:1, k:ed@padroes1, mode:DOWN
2026-06-05 15:15:59, MOVE, v:1, k:ed@padroes1, mode:PICK
2026-06-05 15:14:47, MOVE, v:1, k:ed@eh_primo, mode:EDIT
2026-06-05 15:15:59, MOVE, v:1, k:ed@padroes1, mode:EDIT
2026-06-05 15:15:59, MOVE, v:1, k:ed@padroes1, mode:EDIT
2026-06-05 15:15:59, MOVE, v:1, k:ed@padroes1, mode:EDIT
2026-06-05 15:19:51, EXEC, v:1, k:ed@padroes1, mode:FULL, rate:25, size:15
2026-06-05 15:19:59, EXEC, v:1, k:ed@padroes1, mode:FULL, rate:25, size:15
2026-06-05 15:20:05, EXEC, v:1, k:ed@padroes1, mode:FULL, rate:100, size:15
2026-06-05 15:20:06, MOVE, v:1, k:ed@padroes1, mode:BACK
2026-06-05 15:20:11, MOVE, v:1, k:ed@padroes1, mode:PICK
2026-06-05 15:20:04, MOVE, v:1, k:ed@padroes1, mode:EDIT
2026-06-05 15:22:27, EXEC, v:1, k:ed@padroes1, mode:FULL, rate:100
2026-06-05 15:22:28, MOVE, v:1, k:ed@padroes1, mode:BACK
2026-06-05 15:23:07, MOVE, v:1, k:ed@padroes2, mode:DOWN
2026-06-05 15:23:09, MOVE, v:1, k:ed@padroes2, mode:PICK
2026-06-05 15:23:07, MOVE, v:1, k:ed@padroes2, mode:EDIT
2026-06-05 15:23:07, MOVE, v:1, k:ed@padroes2, mode:EDIT
2026-06-05 15:23:07, MOVE, v:1, k:ed@padroes2, mode:EDIT
2026-06-05 15:29:27, EXEC, v:1, k:ed@padroes2, mode:FULL, rate:2, size:15
2026-06-05 15:29:29, MOVE, v:1, k:ed@padroes2, mode:BACK
2026-06-05 15:29:35, MOVE, v:1, k:ed@padroes2, mode:PICK
2026-06-05 15:29:45, EXEC, v:1, k:ed@padroes2, mode:FULL, rate:2, size:15
2026-06-05 15:29:49, EXEC, v:1, k:ed@padroes2, mode:FULL, rate:100, size:15
2026-06-05 15:29:54, MOVE, v:1, k:ed@padroes2, mode:BACK
2026-06-05 15:30:30, MOVE, v:1, k:ed@serial, mode:DOWN
2026-06-05 15:30:31, MOVE, v:1, k:ed@serial, mode:PICK
2026-06-05 15:31:32, EXEC, v:1, k:ed@serial, mode:FULL, rate:0, size:65
2026-06-05 15:29:48, MOVE, v:1, k:ed@padroes2, mode:EDIT
2026-06-05 15:30:30, MOVE, v:1, k:ed@serial, mode:EDIT
2026-06-05 15:30:30, MOVE, v:1, k:ed@serial, mode:EDIT
2026-06-05 15:30:30, MOVE, v:1, k:ed@serial, mode:EDIT
2026-06-05 15:41:40, MOVE, v:1, k:ed@serial, mode:EDIT
2026-06-05 15:44:02, MOVE, v:1, k:ed@serial, mode:EDIT
2026-06-05 15:51:58, MOVE, v:1, k:ed@serial, mode:EDIT
2026-06-05 15:52:20, EXEC, v:1, k:ed@serial, mode:FULL, rate:0, size:80
2026-06-05 15:52:25, EXEC, v:1, k:ed@serial, mode:FULL, rate:0, size:80
2026-06-05 15:52:37, MOVE, v:1, k:ed@serial, mode:BACK
2026-06-05 15:52:44, MOVE, v:1, k:ed@serial, mode:PICK
2026-06-05 15:55:01, EXEC, v:1, k:ed@serial, mode:FULL, rate:0, size:80
2026-06-05 15:55:56, EXEC, v:1, k:ed@serial, mode:FULL, rate:100, size:80
2026-06-05 15:55:58, MOVE, v:1, k:ed@serial, mode:BACK
2026-06-05 15:55:42, MOVE, v:1, k:ed@serial, mode:EDIT
