2026-06-13 14:26:09, EXEC, v:1, k:ed@longest, mode:FULL, fail:COMP
2026-06-13 14:26:09, MOVE, v:1, k:ed@longest, mode:BACK
2026-06-13 14:26:12, MOVE, v:1, k:ed@longest, mode:PICK
2026-06-13 14:42:35, MOVE, v:1, k:ed@longest, mode:EDIT
2026-06-13 14:58:25, EXEC, v:1, k:ed@longest, mode:FULL, size:66, fail:COMP
2026-06-13 14:58:26, MOVE, v:1, k:ed@longest, mode:BACK
2026-06-13 14:58:27, MOVE, v:1, k:ed@longest, mode:PICK
2026-06-13 14:59:31, EXEC, v:1, k:ed@longest, mode:FULL, size:81, fail:COMP
2026-06-13 14:59:31, MOVE, v:1, k:ed@longest, mode:BACK
2026-06-13 14:59:42, MOVE, v:1, k:ed@longest, mode:PICK
2026-06-13 14:59:29, MOVE, v:1, k:ed@longest, mode:EDIT
2026-06-13 15:01:26, EXEC, v:1, k:ed@longest, mode:FULL, size:88, fail:COMP
2026-06-13 15:01:26, MOVE, v:1, k:ed@longest, mode:BACK
2026-06-13 15:01:39, MOVE, v:1, k:ed@longest, mode:PICK
2026-06-13 15:02:08, EXEC, v:1, k:ed@longest, mode:FULL, rate:66, size:101
2026-06-13 15:02:15, MOVE, v:1, k:ed@longest, mode:BACK
2026-06-13 15:02:16, MOVE, v:1, k:ed@longest, mode:PICK
2026-06-13 15:02:15, MOVE, v:1, k:ed@longest, mode:EDIT
2026-06-13 15:15:33, EXEC, v:1, k:ed@longest, mode:FULL, rate:100, size:101
2026-06-13 15:15:33, MOVE, v:1, k:ed@longest, mode:BACK
2026-06-13 15:15:40, SELF, v:1, k:ed@longest, self:1, rate:100, concept:1, problem:1, debug:1, refactor:1
